<?xml version="1.0" encoding="UTF-8"?>
<!-- Generated by org.testng.reporters.JUnitReportReporter -->
<testsuite hostname="Hemalatha" failures="0" tests="4" name="mavenexecution.REGESTRATIONMODULETEST" time="10.607" errors="0" timestamp="2022-10-26T23:06:36 IST" skipped="0">
  <testcase classname="mavenexecution.REGESTRATIONMODULETEST" name="ValidateLoginNameField4" time="2.321"/>
  <system-out/>
  <testcase classname="mavenexecution.REGESTRATIONMODULETEST" name="ValidateLoginNameField3" time="2.255"/>
  <system-out/>
  <testcase classname="mavenexecution.REGESTRATIONMODULETEST" name="ValidateLoginNameField2" time="2.654"/>
  <system-out/>
  <testcase classname="mavenexecution.REGESTRATIONMODULETEST" name="ValidateLoginNameField1" time="3.377"/>
  <system-out/>
</testsuite> <!-- mavenexecution.REGESTRATIONMODULETEST -->
