<?xml version="1.0" encoding="UTF-8"?>
<!-- Generated by org.testng.reporters.JUnitReportReporter -->
<testsuite hostname="Hemalatha" failures="0" tests="2" name="mavenexecution.LoginModule1Test" time="2.126" errors="0" timestamp="2022-10-26T21:34:17 IST" skipped="0">
  <testcase classname="mavenexecution.LoginModule1Test" name="forgetpassword" time="1.162"/>
  <system-out/>
  <testcase classname="mavenexecution.LoginModule1Test" name="Succesfullogin" time="0.964"/>
  <system-out/>
</testsuite> <!-- mavenexecution.LoginModule1Test -->
