<?xml version="1.0" encoding="UTF-8"?>
<!-- Generated by org.testng.reporters.JUnitReportReporter -->
<testsuite hostname="Hemalatha" failures="0" tests="4" name="mavenexecution.REGISTRATIONMODULETESTS" time="9.405" errors="0" timestamp="2022-10-22T09:29:51 IST" skipped="0">
  <testcase classname="mavenexecution.REGISTRATIONMODULETESTS" name="ValidateLoginNameField1" time="2.495"/>
  <system-out/>
  <testcase classname="mavenexecution.REGISTRATIONMODULETESTS" name="ValidateLoginNameField3" time="2.357"/>
  <system-out/>
  <testcase classname="mavenexecution.REGISTRATIONMODULETESTS" name="ValidateLoginNameField2" time="2.158"/>
  <system-out/>
  <testcase classname="mavenexecution.REGISTRATIONMODULETESTS" name="ValidateLoginNameField4" time="2.395"/>
  <system-out/>
</testsuite> <!-- mavenexecution.REGISTRATIONMODULETESTS -->
