<?xml version="1.0" encoding="UTF-8"?>
<!-- Generated by org.testng.reporters.JUnitReportReporter -->
<testsuite hostname="Hemalatha" failures="0" tests="1" name="mavenexecution.RegistrationModuleTest" time="4.291" errors="0" timestamp="2022-10-26T23:10:17 IST" skipped="0">
  <testcase classname="mavenexecution.RegistrationModuleTest" name="validateloginNameField" time="4.291"/>
  <system-out/>
</testsuite> <!-- mavenexecution.RegistrationModuleTest -->
