<?xml version="1.0" encoding="UTF-8"?>
<!-- Generated by org.testng.reporters.JUnitReportReporter -->
<testsuite hostname="Hemalatha" failures="0" tests="4" name="mavenexecution.REGESTRATIONMODULETEST" time="9.284" errors="0" timestamp="2022-10-26T21:46:58 IST" skipped="0">
  <testcase classname="mavenexecution.REGESTRATIONMODULETEST" name="ValidateLoginNameField3" time="2.357"/>
  <system-out/>
  <testcase classname="mavenexecution.REGESTRATIONMODULETEST" name="ValidateLoginNameField4" time="2.170"/>
  <system-out/>
  <testcase classname="mavenexecution.REGESTRATIONMODULETEST" name="ValidateLoginNameField2" time="2.264"/>
  <system-out/>
  <testcase classname="mavenexecution.REGESTRATIONMODULETEST" name="ValidateLoginNameField1" time="2.493"/>
  <system-out/>
</testsuite> <!-- mavenexecution.REGESTRATIONMODULETEST -->
