<?xml version="1.0" encoding="UTF-8"?>
<!-- Generated by org.testng.reporters.JUnitReportReporter -->
<testsuite hostname="Hemalatha" failures="0" tests="2" name="mavenexecution.LoginModule1Test" time="2.608" errors="0" timestamp="2022-10-26T23:11:03 IST" skipped="0">
  <testcase classname="mavenexecution.LoginModule1Test" name="forgetpassword" time="1.399"/>
  <system-out/>
  <testcase classname="mavenexecution.LoginModule1Test" name="Succesfullogin" time="1.209"/>
  <system-out/>
</testsuite> <!-- mavenexecution.LoginModule1Test -->
